<?xml version="1.0" encoding="UTF-8"?>
<!-- Generated by org.testng.reporters.JUnitReportReporter -->
<testsuite hostname="DESKTOP-807AG9O" failures="0" tests="1" name="automationScripts.FacebookLogin" time="2.836" errors="0" timestamp="2022-03-31T08:07:13 IST" skipped="0">
  <testcase classname="automationScripts.FacebookLogin" name="facebookLogin" time="2.836"/>
  <system-out/>
</testsuite> <!-- automationScripts.FacebookLogin -->
