<?xml version="1.0" encoding="UTF-8"?>
<!-- Generated by org.testng.reporters.JUnitReportReporter -->
<testsuite hostname="DESKTOP-807AG9O" failures="0" tests="1" name="automationScripts.GmailLogin" time="4.477" errors="0" timestamp="2022-03-31T08:07:13 IST" skipped="0">
  <testcase classname="automationScripts.GmailLogin" name="gmailLogin" time="4.477"/>
  <system-out/>
</testsuite> <!-- automationScripts.GmailLogin -->
